Using pre-set license
Built from '2020.3/release' branch; Version is '2020.3.2f1 (8fd9074bf66c) revision 9427207'; Using compiler version '192528614'; Build Type 'Release'
OS: 'Windows 10 Enterprise; OS build 19042.928; Version 2009; 64bit' Language: 'en' Physical Memory: 16243 MB
BatchMode: 1, IsHumanControllingUs: 0, StartBugReporterOnCrash: 0, Is64bit: 1, IsPro: 0

 COMMAND LINE ARGUMENTS:
C:\Program Files\Unity\Hub\Editor\2020.3.2f1\Editor\Unity.exe
-adb2
-batchMode
-noUpm
-name
AssetImportWorker1
-projectPath
C:/MyApp/MultiplayerRPG_POC/MultiplayerPOC/Client
-logFile
Logs/AssetImportWorker1.log
-srvPort
51041
Successfully changed project path to: C:/MyApp/MultiplayerRPG_POC/MultiplayerPOC/Client
C:/MyApp/MultiplayerRPG_POC/MultiplayerPOC/Client
Using Asset Import Pipeline V2.
Refreshing native plugins compatible for Editor in 47.10 ms, found 0 plugins.
Preloading 0 native plugins for Editor in 0.00 ms.
Initialize engine version: 2020.3.2f1 (8fd9074bf66c)
[Subsystems] Discovering subsystems at path C:/Program Files/Unity/Hub/Editor/2020.3.2f1/Editor/Data/Resources/UnitySubsystems
[Subsystems] Discovering subsystems at path C:/MyApp/MultiplayerRPG_POC/MultiplayerPOC/Client/Assets
GfxDevice: creating device client; threaded=0
Direct3D:
    Version:  Direct3D 11.0 [level 11.1]
    Renderer: Intel(R) UHD Graphics 620 (ID=0x5917)
    Vendor:   
    VRAM:     8121 MB
    Driver:   27.20.100.9171
Initialize mono
Mono path[0] = 'C:/Program Files/Unity/Hub/Editor/2020.3.2f1/Editor/Data/Managed'
Mono path[1] = 'C:/Program Files/Unity/Hub/Editor/2020.3.2f1/Editor/Data/MonoBleedingEdge/lib/mono/unityjit'
Mono config path = 'C:/Program Files/Unity/Hub/Editor/2020.3.2f1/Editor/Data/MonoBleedingEdge/etc'
Using monoOptions --debugger-agent=transport=dt_socket,embedding=1,server=y,suspend=n,address=127.0.0.1:56988
Begin MonoManager ReloadAssembly
Registering precompiled unity dll's ...
Register platform support module: C:/Program Files/Unity/Hub/Editor/2020.3.2f1/Editor/Data/PlaybackEngines/WebGLSupport/UnityEditor.WebGL.Extensions.dll
Register platform support module: C:/Program Files/Unity/Hub/Editor/2020.3.2f1/Editor/Data/PlaybackEngines/WindowsStandaloneSupport/UnityEditor.WindowsStandalone.Extensions.dll
Registered in 0.004000 seconds.
Native extension for WindowsStandalone target not found
Native extension for WebGL target not found
Refreshing native plugins compatible for Editor in 46.12 ms, found 0 plugins.
Preloading 0 native plugins for Editor in 0.00 ms.
Invoked RoslynAnalysisRunner static constructor.
RoslynAnalysisRunner will not be running.
RoslynAnalysisRunner has terminated.
Mono: successfully reloaded assembly
- Completed reload, in  3.921 seconds
Platform modules already initialized, skipping
Registering precompiled user dll's ...
Registered in 0.001761 seconds.
Begin MonoManager ReloadAssembly
Native extension for WindowsStandalone target not found
Native extension for WebGL target not found
Refreshing native plugins compatible for Editor in 0.24 ms, found 0 plugins.
Preloading 0 native plugins for Editor in 0.00 ms.
Invoked RoslynAnalysisRunner static constructor.
RoslynAnalysisRunner will not be running.
RoslynAnalysisRunner has terminated.
Mono: successfully reloaded assembly
- Completed reload, in  1.385 seconds
Platform modules already initialized, skipping
========================================================================
Worker process is ready to serve import requests
Launched and connected shader compiler UnityShaderCompiler.exe after 0.14 seconds
Refreshing native plugins compatible for Editor in 0.42 ms, found 0 plugins.
Preloading 0 native plugins for Editor in 0.00 ms.
Unloading 1180 Unused Serialized files (Serialized files now loaded: 0)
System memory in use before: 61.0 MB.
System memory in use after: 61.0 MB.

Unloading 10 unused Assets to reduce memory usage. Loaded Objects now: 1623.
Total: 1.984900 ms (FindLiveObjects: 0.157300 ms CreateObjectMapping: 0.047200 ms MarkObjects: 1.683600 ms  DeleteObjects: 0.095400 ms)

========================================================================
Received Import Request.
  path: Assets/Prefabs/LocalPlayer.prefab
  artifactKey: Guid(7563f315d45e596499a6836fb732c4bc) Importer(815301076,1909f56bfc062723c751e8b465ee728b)
Start importing Assets/Prefabs/LocalPlayer.prefab using Guid(7563f315d45e596499a6836fb732c4bc) Importer(815301076,1909f56bfc062723c751e8b465ee728b)  -> (artifact id: '1904ae9dea211930b8277b9f69140b0d') in 0.419865 seconds
  Import took 0.433239 seconds .

========================================================================
Received Prepare
Registering precompiled user dll's ...
Registered in 0.001059 seconds.
Begin MonoManager ReloadAssembly
Native extension for WindowsStandalone target not found
Native extension for WebGL target not found
Refreshing native plugins compatible for Editor in 0.60 ms, found 0 plugins.
Preloading 0 native plugins for Editor in 0.00 ms.
Invoked RoslynAnalysisRunner static constructor.
RoslynAnalysisRunner will not be running.
RoslynAnalysisRunner has terminated.
Mono: successfully reloaded assembly
- Completed reload, in  1.258 seconds
Platform modules already initialized, skipping
Refreshing native plugins compatible for Editor in 0.23 ms, found 0 plugins.
Preloading 0 native plugins for Editor in 0.00 ms.
Unloading 1162 Unused Serialized files (Serialized files now loaded: 0)
System memory in use before: 62.7 MB.
System memory in use after: 62.8 MB.

Unloading 5 unused Assets to reduce memory usage. Loaded Objects now: 1634.
Total: 7.517600 ms (FindLiveObjects: 0.542400 ms CreateObjectMapping: 0.060600 ms MarkObjects: 6.401500 ms  DeleteObjects: 0.511500 ms)

========================================================================
Received Prepare
Refreshing native plugins compatible for Editor in 0.83 ms, found 0 plugins.
Preloading 0 native plugins for Editor in 0.00 ms.
Unloading 3 Unused Serialized files (Serialized files now loaded: 0)
System memory in use before: 39.7 MB.
System memory in use after: 39.8 MB.

Unloading 3 unused Assets to reduce memory usage. Loaded Objects now: 1634.
Total: 1.828400 ms (FindLiveObjects: 0.150000 ms CreateObjectMapping: 0.046200 ms MarkObjects: 1.497100 ms  DeleteObjects: 0.133600 ms)

========================================================================
Received Import Request.
  Time since last request: 90086.810071 seconds.
  path: Assets/Prefabs/Player.prefab
  artifactKey: Guid(401738d995238d8498a2414b6f8e4114) Importer(815301076,1909f56bfc062723c751e8b465ee728b)
Start importing Assets/Prefabs/Player.prefab using Guid(401738d995238d8498a2414b6f8e4114) Importer(815301076,1909f56bfc062723c751e8b465ee728b)  -> (artifact id: '5f624ba53726ebe5c6dc1a953668ea71') in 0.144608 seconds
  Import took 0.147574 seconds .

========================================================================
Received Prepare
Refreshing native plugins compatible for Editor in 1.17 ms, found 0 plugins.
Preloading 0 native plugins for Editor in 0.00 ms.
Unloading 3 Unused Serialized files (Serialized files now loaded: 0)
System memory in use before: 40.5 MB.
System memory in use after: 40.6 MB.

Unloading 3 unused Assets to reduce memory usage. Loaded Objects now: 1635.
Total: 4.590300 ms (FindLiveObjects: 0.364700 ms CreateObjectMapping: 0.101600 ms MarkObjects: 3.950500 ms  DeleteObjects: 0.170700 ms)

========================================================================
Received Import Request.
  Time since last request: 147.647747 seconds.
  path: Assets/Prefabs/Player.prefab
  artifactKey: Guid(401738d995238d8498a2414b6f8e4114) Importer(815301076,1909f56bfc062723c751e8b465ee728b)
Start importing Assets/Prefabs/Player.prefab using Guid(401738d995238d8498a2414b6f8e4114) Importer(815301076,1909f56bfc062723c751e8b465ee728b)  -> (artifact id: 'c095d27ad7564b82722d575ddb867acd') in 0.053167 seconds
  Import took 0.056955 seconds .

========================================================================
Received Import Request.
  Time since last request: 0.002748 seconds.
  path: Assets/Prefabs/Player.prefab
  artifactKey: Guid(401738d995238d8498a2414b6f8e4114) Importer(815301076,1909f56bfc062723c751e8b465ee728b)
Start importing Assets/Prefabs/Player.prefab using Guid(401738d995238d8498a2414b6f8e4114) Importer(815301076,1909f56bfc062723c751e8b465ee728b)  -> (artifact id: 'c095d27ad7564b82722d575ddb867acd') in 0.079700 seconds
  Import took 0.084008 seconds .

========================================================================
Received Import Request.
  Time since last request: 27.441813 seconds.
  path: Assets/Prefabs
  artifactKey: Guid(16e96e143a447a34e8cc4646d11a8318) Importer(815301076,1909f56bfc062723c751e8b465ee728b)
Start importing Assets/Prefabs using Guid(16e96e143a447a34e8cc4646d11a8318) Importer(815301076,1909f56bfc062723c751e8b465ee728b)  -> (artifact id: '1440c6f390e615219241d8136d901c62') in 0.034272 seconds
  Import took 0.038121 seconds .

========================================================================
Received Prepare
Registering precompiled user dll's ...
Registered in 0.000834 seconds.
Begin MonoManager ReloadAssembly
Native extension for WindowsStandalone target not found
Native extension for WebGL target not found
Refreshing native plugins compatible for Editor in 0.39 ms, found 0 plugins.
Preloading 0 native plugins for Editor in 0.00 ms.
Invoked RoslynAnalysisRunner static constructor.
RoslynAnalysisRunner will not be running.
RoslynAnalysisRunner has terminated.
Mono: successfully reloaded assembly
- Completed reload, in  1.191 seconds
Platform modules already initialized, skipping
Refreshing native plugins compatible for Editor in 0.42 ms, found 0 plugins.
Preloading 0 native plugins for Editor in 0.00 ms.
Unloading 1162 Unused Serialized files (Serialized files now loaded: 0)
System memory in use before: 62.7 MB.
System memory in use after: 62.8 MB.

Unloading 5 unused Assets to reduce memory usage. Loaded Objects now: 1638.
Total: 3.569500 ms (FindLiveObjects: 0.242300 ms CreateObjectMapping: 0.074700 ms MarkObjects: 3.167000 ms  DeleteObjects: 0.083700 ms)

========================================================================
Received Prepare
Registering precompiled user dll's ...
Registered in 0.001248 seconds.
Begin MonoManager ReloadAssembly
Native extension for WindowsStandalone target not found
Native extension for WebGL target not found
Refreshing native plugins compatible for Editor in 0.69 ms, found 0 plugins.
Preloading 0 native plugins for Editor in 0.00 ms.
Invoked RoslynAnalysisRunner static constructor.
RoslynAnalysisRunner will not be running.
RoslynAnalysisRunner has terminated.
Mono: successfully reloaded assembly
- Completed reload, in  2.581 seconds
Platform modules already initialized, skipping
Refreshing native plugins compatible for Editor in 0.42 ms, found 0 plugins.
Preloading 0 native plugins for Editor in 0.00 ms.
Unloading 1162 Unused Serialized files (Serialized files now loaded: 0)
System memory in use before: 62.7 MB.
System memory in use after: 62.8 MB.

Unloading 5 unused Assets to reduce memory usage. Loaded Objects now: 1641.
Total: 2.419100 ms (FindLiveObjects: 0.270500 ms CreateObjectMapping: 0.115900 ms MarkObjects: 1.973900 ms  DeleteObjects: 0.057100 ms)

========================================================================
Received Import Request.
  Time since last request: 2079.094831 seconds.
  path: Assets/Material
  artifactKey: Guid(68498c5a48e2beb4bbb14db876876248) Importer(815301076,1909f56bfc062723c751e8b465ee728b)
Start importing Assets/Material using Guid(68498c5a48e2beb4bbb14db876876248) Importer(815301076,1909f56bfc062723c751e8b465ee728b)  -> (artifact id: '52d6ab1b6fa245a8556e60cc54f48db3') in 0.032787 seconds
  Import took 0.037265 seconds .

========================================================================
Received Import Request.
  Time since last request: 1905.196908 seconds.
  path: Assets/Sprites
  artifactKey: Guid(c8c8ef1ad3d8c784b9b10bde7a39ff26) Importer(815301076,1909f56bfc062723c751e8b465ee728b)
Start importing Assets/Sprites using Guid(c8c8ef1ad3d8c784b9b10bde7a39ff26) Importer(815301076,1909f56bfc062723c751e8b465ee728b)  -> (artifact id: '6be017f78f75b1ebceea0396b7800039') in 0.054878 seconds
  Import took 0.059238 seconds .

========================================================================
Received Import Request.
  Time since last request: 1.199142 seconds.
  path: Assets/Sprites/UI_Gabriel
  artifactKey: Guid(19ecbe2ba8fd77c40a1618ed4ac2d47a) Importer(815301076,1909f56bfc062723c751e8b465ee728b)
Start importing Assets/Sprites/UI_Gabriel using Guid(19ecbe2ba8fd77c40a1618ed4ac2d47a) Importer(815301076,1909f56bfc062723c751e8b465ee728b)  -> (artifact id: '89d2ad432b1372bb156a1f62319d8f4d') in 0.008568 seconds
  Import took 0.012400 seconds .

========================================================================
Received Import Request.
  Time since last request: 95.013587 seconds.
  path: Assets/Sprites/UI_Gabriel/UI_circle.fw.png
  artifactKey: Guid(67d2150d625ad97458a4a39071b0f71b) Importer(815301076,1909f56bfc062723c751e8b465ee728b)
Start importing Assets/Sprites/UI_Gabriel/UI_circle.fw.png using Guid(67d2150d625ad97458a4a39071b0f71b) Importer(815301076,1909f56bfc062723c751e8b465ee728b)  -> (artifact id: '36c2cba6ed862983d84f0450f5d61f2f') in 0.160564 seconds
  Import took 0.163728 seconds .

========================================================================
Received Import Request.
  Time since last request: 73.609921 seconds.
  path: Assets/Sprites/UI_Gabriel/UI_circle.png
  artifactKey: Guid(9a59db9e32b157549ba7d1bb2eed8da6) Importer(815301076,1909f56bfc062723c751e8b465ee728b)
Start importing Assets/Sprites/UI_Gabriel/UI_circle.png using Guid(9a59db9e32b157549ba7d1bb2eed8da6) Importer(815301076,1909f56bfc062723c751e8b465ee728b)  -> (artifact id: 'ba7efc9e1d493dfcc00699570997f19f') in 0.029154 seconds
  Import took 0.032277 seconds .

========================================================================
Received Import Request.
  Time since last request: 0.003875 seconds.
  path: Assets/Sprites/UI_Gabriel/UI_circle.png
  artifactKey: Guid(9a59db9e32b157549ba7d1bb2eed8da6) Importer(815301076,1909f56bfc062723c751e8b465ee728b)
Start importing Assets/Sprites/UI_Gabriel/UI_circle.png using Guid(9a59db9e32b157549ba7d1bb2eed8da6) Importer(815301076,1909f56bfc062723c751e8b465ee728b)  -> (artifact id: 'ba7efc9e1d493dfcc00699570997f19f') in 0.109391 seconds
  Import took 0.116479 seconds .

========================================================================
Received Import Request.
  Time since last request: 77.533074 seconds.
  path: Assets/Sprites/UI_Gabriel/UI_circle_simple.fw.png
  artifactKey: Guid(ac783c40b5378d443a0a1e9ca47b29ac) Importer(815301076,1909f56bfc062723c751e8b465ee728b)
Start importing Assets/Sprites/UI_Gabriel/UI_circle_simple.fw.png using Guid(ac783c40b5378d443a0a1e9ca47b29ac) Importer(815301076,1909f56bfc062723c751e8b465ee728b)  -> (artifact id: '4a1c7b34b228ffa8e318bd4aa5c01744') in 0.035949 seconds
  Import took 0.038413 seconds .

========================================================================
Received Import Request.
  Time since last request: 144.979031 seconds.
  path: Assets/Sprites/arrowBeige_left.png
  artifactKey: Guid(70fd760e95b0bd24b8e332470cff6765) Importer(815301076,1909f56bfc062723c751e8b465ee728b)
Start importing Assets/Sprites/arrowBeige_left.png using Guid(70fd760e95b0bd24b8e332470cff6765) Importer(815301076,1909f56bfc062723c751e8b465ee728b)  -> (artifact id: 'b68437fec6633fe4ee6c96848db09c11') in 0.101778 seconds
  Import took 0.104916 seconds .

========================================================================
Received Import Request.
  Time since last request: 262.373472 seconds.
  path: Assets/Sprites/UI_Gabriel/UI_squad.fw.png
  artifactKey: Guid(925884abc1df3db478ff96d5e973fa28) Importer(815301076,1909f56bfc062723c751e8b465ee728b)
Start importing Assets/Sprites/UI_Gabriel/UI_squad.fw.png using Guid(925884abc1df3db478ff96d5e973fa28) Importer(815301076,1909f56bfc062723c751e8b465ee728b)  -> (artifact id: 'a38014fddbdeb845c8753c6150fb3dc7') in 0.046247 seconds
  Import took 0.049116 seconds .

========================================================================
Received Import Request.
  Time since last request: 9.225197 seconds.
  path: Assets/Sprites/UI_Gabriel/UI_squad.fw.png
  artifactKey: Guid(925884abc1df3db478ff96d5e973fa28) Importer(815301076,1909f56bfc062723c751e8b465ee728b)
Start importing Assets/Sprites/UI_Gabriel/UI_squad.fw.png using Guid(925884abc1df3db478ff96d5e973fa28) Importer(815301076,1909f56bfc062723c751e8b465ee728b)  -> (artifact id: 'b961f6b03c64bb533ee391d5b1b1e8e6') in 0.057150 seconds
  Import took 0.074679 seconds .

========================================================================
Received Import Request.
  Time since last request: 4.720135 seconds.
  path: Assets/Sprites/UI_Gabriel/UI_circle.png
  artifactKey: Guid(9a59db9e32b157549ba7d1bb2eed8da6) Importer(815301076,1909f56bfc062723c751e8b465ee728b)
Start importing Assets/Sprites/UI_Gabriel/UI_circle.png using Guid(9a59db9e32b157549ba7d1bb2eed8da6) Importer(815301076,1909f56bfc062723c751e8b465ee728b)  -> (artifact id: '4140a49526227a2cc47aa2657b678c1c') in 0.050440 seconds
  Import took 0.053599 seconds .

========================================================================
Received Import Request.
  Time since last request: 0.866168 seconds.
  path: Assets/Sprites/UI_Gabriel/UI_BarToLvl.fw.png
  artifactKey: Guid(70d82e836e1b45f41a08dd0aaec43601) Importer(815301076,1909f56bfc062723c751e8b465ee728b)
Start importing Assets/Sprites/UI_Gabriel/UI_BarToLvl.fw.png using Guid(70d82e836e1b45f41a08dd0aaec43601) Importer(815301076,1909f56bfc062723c751e8b465ee728b)  -> (artifact id: '75ea9c438cca48e0a683880ca05ed2ce') in 0.023854 seconds
  Import took 0.026257 seconds .

========================================================================
Received Import Request.
  Time since last request: 0.546461 seconds.
  path: Assets/Sprites/UI_Gabriel/UI.fw.png
  artifactKey: Guid(0b07450fb7446044d8ed98295a3e739f) Importer(815301076,1909f56bfc062723c751e8b465ee728b)
Start importing Assets/Sprites/UI_Gabriel/UI.fw.png using Guid(0b07450fb7446044d8ed98295a3e739f) Importer(815301076,1909f56bfc062723c751e8b465ee728b)  -> (artifact id: 'ec548a63264a8309a2bb7d7ec8d31702') in 0.027301 seconds
  Import took 0.029834 seconds .

========================================================================
Received Import Request.
  Time since last request: 11.958160 seconds.
  path: Assets/Sprites/UI_Gabriel/UI_circle_simple.fw.png
  artifactKey: Guid(ac783c40b5378d443a0a1e9ca47b29ac) Importer(815301076,1909f56bfc062723c751e8b465ee728b)
Start importing Assets/Sprites/UI_Gabriel/UI_circle_simple.fw.png using Guid(ac783c40b5378d443a0a1e9ca47b29ac) Importer(815301076,1909f56bfc062723c751e8b465ee728b)  -> (artifact id: '576bf122bbcf9521bb3510584f37ed30') in 0.031764 seconds
  Import took 0.035783 seconds .

========================================================================
Received Import Request.
  Time since last request: 289.736785 seconds.
  path: Assets/Sprites/UI_Gabriel/UI_circle.fw.png
  artifactKey: Guid(67d2150d625ad97458a4a39071b0f71b) Importer(815301076,1909f56bfc062723c751e8b465ee728b)
Start importing Assets/Sprites/UI_Gabriel/UI_circle.fw.png using Guid(67d2150d625ad97458a4a39071b0f71b) Importer(815301076,1909f56bfc062723c751e8b465ee728b)  -> (artifact id: '80f3fd0ed748c19293db5bdf2e6ac2db') in 0.032696 seconds
  Import took 0.037110 seconds .

========================================================================
Received Import Request.
  Time since last request: 320.359613 seconds.
  path: Assets/Sprites/UI_Gabriel/UI_BarToLvl.fw.png
  artifactKey: Guid(70d82e836e1b45f41a08dd0aaec43601) Importer(815301076,1909f56bfc062723c751e8b465ee728b)
Start importing Assets/Sprites/UI_Gabriel/UI_BarToLvl.fw.png using Guid(70d82e836e1b45f41a08dd0aaec43601) Importer(815301076,1909f56bfc062723c751e8b465ee728b)  -> (artifact id: '5fce4b096e1acab64266b155e6e43c8d') in 0.023895 seconds
  Import took 0.028504 seconds .

========================================================================
Received Import Request.
  Time since last request: 597.608256 seconds.
  path: Assets/Sprites/UI_Gabriel/UI_slot.fw.png
  artifactKey: Guid(0d9ab76b7c73b704eb44f514f45d7308) Importer(815301076,1909f56bfc062723c751e8b465ee728b)
Start importing Assets/Sprites/UI_Gabriel/UI_slot.fw.png using Guid(0d9ab76b7c73b704eb44f514f45d7308) Importer(815301076,1909f56bfc062723c751e8b465ee728b)  -> (artifact id: '5c96f19636416ee4fc4d5428af0b6332') in 0.032827 seconds
  Import took 0.036129 seconds .

========================================================================
Received Import Request.
  Time since last request: 4.622864 seconds.
  path: Assets/Sprites/UI_Gabriel/UI_slot.fw.png
  artifactKey: Guid(0d9ab76b7c73b704eb44f514f45d7308) Importer(815301076,1909f56bfc062723c751e8b465ee728b)
Start importing Assets/Sprites/UI_Gabriel/UI_slot.fw.png using Guid(0d9ab76b7c73b704eb44f514f45d7308) Importer(815301076,1909f56bfc062723c751e8b465ee728b)  -> (artifact id: '4183721ab7e2a6a6a33b8beb1912fc88') in 0.022630 seconds
  Import took 0.025193 seconds .

========================================================================
Received Import Request.
  Time since last request: 847.469533 seconds.
  path: Assets/Prefabs/SkillSlot.prefab
  artifactKey: Guid(ed61402657c283141a26c400892cfdc5) Importer(815301076,1909f56bfc062723c751e8b465ee728b)
Start importing Assets/Prefabs/SkillSlot.prefab using Guid(ed61402657c283141a26c400892cfdc5) Importer(815301076,1909f56bfc062723c751e8b465ee728b)  -> (artifact id: '079cd72cb99091a811ef7515dd40cb14') in 0.046387 seconds
  Import took 0.050068 seconds .

========================================================================
Received Prepare
Registering precompiled user dll's ...
Registered in 0.000771 seconds.
Begin MonoManager ReloadAssembly
Native extension for WindowsStandalone target not found
Native extension for WebGL target not found
Refreshing native plugins compatible for Editor in 0.25 ms, found 0 plugins.
Preloading 0 native plugins for Editor in 0.00 ms.
Invoked RoslynAnalysisRunner static constructor.
RoslynAnalysisRunner will not be running.
RoslynAnalysisRunner has terminated.
Mono: successfully reloaded assembly
- Completed reload, in  1.052 seconds
Platform modules already initialized, skipping
Refreshing native plugins compatible for Editor in 0.25 ms, found 0 plugins.
Preloading 0 native plugins for Editor in 0.00 ms.
Unloading 1162 Unused Serialized files (Serialized files now loaded: 0)
System memory in use before: 62.8 MB.
System memory in use after: 62.9 MB.

Unloading 5 unused Assets to reduce memory usage. Loaded Objects now: 1662.
Total: 2.018600 ms (FindLiveObjects: 0.227600 ms CreateObjectMapping: 0.059600 ms MarkObjects: 1.650200 ms  DeleteObjects: 0.079900 ms)

========================================================================
Received Import Request.
  Time since last request: 1217.782751 seconds.
  path: Assets/Sprites/UI_Gabriel/UI_character
  artifactKey: Guid(2b3c8877c7bc8c2479e912f247341a2e) Importer(815301076,1909f56bfc062723c751e8b465ee728b)
Start importing Assets/Sprites/UI_Gabriel/UI_character using Guid(2b3c8877c7bc8c2479e912f247341a2e) Importer(815301076,1909f56bfc062723c751e8b465ee728b)  -> (artifact id: 'b512c49925922ab46daddd603438e3cf') in 0.014894 seconds
  Import took 0.017725 seconds .

========================================================================
Received Import Request.
  Time since last request: 1.132373 seconds.
  path: Assets/Sprites/UI_Gabriel/UI_character/UI_Perfil_TK.fw.png
  artifactKey: Guid(3188b99d113dd8b459055bc8e67fdb56) Importer(815301076,1909f56bfc062723c751e8b465ee728b)
Start importing Assets/Sprites/UI_Gabriel/UI_character/UI_Perfil_TK.fw.png using Guid(3188b99d113dd8b459055bc8e67fdb56) Importer(815301076,1909f56bfc062723c751e8b465ee728b)  -> (artifact id: '94e2f5b4e1fab849b1b141a02ec0d4c6') in 0.100152 seconds
  Import took 0.105201 seconds .

========================================================================
Received Import Request.
  Time since last request: 0.808699 seconds.
  path: Assets/Sprites/UI_Gabriel/UI_character/UI_Perfil_FM.fw.png
  artifactKey: Guid(40a48260286046d47b6aeb8a221e7049) Importer(815301076,1909f56bfc062723c751e8b465ee728b)
Start importing Assets/Sprites/UI_Gabriel/UI_character/UI_Perfil_FM.fw.png using Guid(40a48260286046d47b6aeb8a221e7049) Importer(815301076,1909f56bfc062723c751e8b465ee728b)  -> (artifact id: 'cef2fde56629ecbfd0aba29ada10ddfb') in 0.024445 seconds
  Import took 0.027487 seconds .

========================================================================
Received Import Request.
  Time since last request: 0.002546 seconds.
  path: Assets/Sprites/UI_Gabriel/UI_character/UI_Perfil_FM.fw.png
  artifactKey: Guid(40a48260286046d47b6aeb8a221e7049) Importer(815301076,1909f56bfc062723c751e8b465ee728b)
Start importing Assets/Sprites/UI_Gabriel/UI_character/UI_Perfil_FM.fw.png using Guid(40a48260286046d47b6aeb8a221e7049) Importer(815301076,1909f56bfc062723c751e8b465ee728b)  -> (artifact id: 'cef2fde56629ecbfd0aba29ada10ddfb') in 0.017547 seconds
  Import took 0.022199 seconds .

========================================================================
Received Import Request.
  Time since last request: 370.503927 seconds.
  path: Assets/Sprites/UI_Gabriel/UI_character/UI_Perfil_FMM.fw.png
  artifactKey: Guid(fb0ffac3125d1714891442b29b928f33) Importer(815301076,1909f56bfc062723c751e8b465ee728b)
Start importing Assets/Sprites/UI_Gabriel/UI_character/UI_Perfil_FMM.fw.png using Guid(fb0ffac3125d1714891442b29b928f33) Importer(815301076,1909f56bfc062723c751e8b465ee728b)  -> (artifact id: 'aceb5373d6c7a5f76c9610dc39211af6') in 0.026648 seconds
  Import took 0.030351 seconds .

========================================================================
Received Import Request.
  Time since last request: 0.001301 seconds.
  path: Assets/Sprites/UI_Gabriel/UI_character/UI_Perfil_FMM.fw.png
  artifactKey: Guid(fb0ffac3125d1714891442b29b928f33) Importer(815301076,1909f56bfc062723c751e8b465ee728b)
Start importing Assets/Sprites/UI_Gabriel/UI_character/UI_Perfil_FMM.fw.png using Guid(fb0ffac3125d1714891442b29b928f33) Importer(815301076,1909f56bfc062723c751e8b465ee728b)  -> (artifact id: 'aceb5373d6c7a5f76c9610dc39211af6') in 0.017063 seconds
  Import took 0.019668 seconds .

========================================================================
Received Import Request.
  Time since last request: 3.076387 seconds.
  path: Assets/Sprites/UI_Gabriel/UI_character/UI_Perfil_FM.fw.png
  artifactKey: Guid(fb0ffac3125d1714891442b29b928f33) Importer(815301076,1909f56bfc062723c751e8b465ee728b)
Start importing Assets/Sprites/UI_Gabriel/UI_character/UI_Perfil_FM.fw.png using Guid(fb0ffac3125d1714891442b29b928f33) Importer(815301076,1909f56bfc062723c751e8b465ee728b)  -> (artifact id: 'ea1e57adea643b024d9af7a2317d3a81') in 0.029493 seconds
  Import took 0.032975 seconds .

========================================================================
Received Import Request.
  Time since last request: 1.320070 seconds.
  path: Assets/Sprites/UI_Gabriel/UI_character/UI_Perfil_BM.fw.png
  artifactKey: Guid(0d149d65c25b2214a912279c0ec12853) Importer(815301076,1909f56bfc062723c751e8b465ee728b)
Start importing Assets/Sprites/UI_Gabriel/UI_character/UI_Perfil_BM.fw.png using Guid(0d149d65c25b2214a912279c0ec12853) Importer(815301076,1909f56bfc062723c751e8b465ee728b)  -> (artifact id: 'ec8cf7c0189219fd96f7563eaae58b4e') in 0.020929 seconds
  Import took 0.024129 seconds .

========================================================================
Received Import Request.
  Time since last request: 0.729022 seconds.
  path: Assets/Sprites/UI_Gabriel/UI_character/UI_Perfil_TK.fw.png
  artifactKey: Guid(3188b99d113dd8b459055bc8e67fdb56) Importer(815301076,1909f56bfc062723c751e8b465ee728b)
Start importing Assets/Sprites/UI_Gabriel/UI_character/UI_Perfil_TK.fw.png using Guid(3188b99d113dd8b459055bc8e67fdb56) Importer(815301076,1909f56bfc062723c751e8b465ee728b)  -> (artifact id: 'f275bde85b1d8303b3df1abb9f1d5bc0') in 0.020789 seconds
  Import took 0.029132 seconds .

========================================================================
Received Import Request.
  Time since last request: 5.840534 seconds.
  path: Assets/Sprites/UI_Gabriel/UI_character/UI_Perfil_TK.fw.png
  artifactKey: Guid(3188b99d113dd8b459055bc8e67fdb56) Importer(815301076,1909f56bfc062723c751e8b465ee728b)
Start importing Assets/Sprites/UI_Gabriel/UI_character/UI_Perfil_TK.fw.png using Guid(3188b99d113dd8b459055bc8e67fdb56) Importer(815301076,1909f56bfc062723c751e8b465ee728b)  -> (artifact id: 'ab225b93188fc369298d85392acab809') in 0.085119 seconds
  Import took 0.089193 seconds .

========================================================================
Received Prepare
Registering precompiled user dll's ...
Registered in 0.002102 seconds.
Begin MonoManager ReloadAssembly
Native extension for WindowsStandalone target not found
Native extension for WebGL target not found
Refreshing native plugins compatible for Editor in 0.31 ms, found 0 plugins.
Preloading 0 native plugins for Editor in 0.00 ms.
Invoked RoslynAnalysisRunner static constructor.
RoslynAnalysisRunner will not be running.
RoslynAnalysisRunner has terminated.
Mono: successfully reloaded assembly
- Completed reload, in  2.236 seconds
Platform modules already initialized, skipping
Refreshing native plugins compatible for Editor in 0.40 ms, found 0 plugins.
Preloading 0 native plugins for Editor in 0.00 ms.
Unloading 1162 Unused Serialized files (Serialized files now loaded: 0)
System memory in use before: 62.8 MB.
System memory in use after: 62.9 MB.

Unloading 5 unused Assets to reduce memory usage. Loaded Objects now: 1666.
Total: 4.329600 ms (FindLiveObjects: 0.561300 ms CreateObjectMapping: 0.116300 ms MarkObjects: 3.560600 ms  DeleteObjects: 0.087300 ms)

========================================================================
Received Prepare
Registering precompiled user dll's ...
Registered in 0.001216 seconds.
Begin MonoManager ReloadAssembly
Native extension for WindowsStandalone target not found
Native extension for WebGL target not found
Refreshing native plugins compatible for Editor in 0.42 ms, found 0 plugins.
Preloading 0 native plugins for Editor in 0.00 ms.
Invoked RoslynAnalysisRunner static constructor.
RoslynAnalysisRunner will not be running.
RoslynAnalysisRunner has terminated.
Mono: successfully reloaded assembly
- Completed reload, in  2.880 seconds
Platform modules already initialized, skipping
Refreshing native plugins compatible for Editor in 0.61 ms, found 0 plugins.
Preloading 0 native plugins for Editor in 0.00 ms.
Unloading 1162 Unused Serialized files (Serialized files now loaded: 0)
System memory in use before: 62.8 MB.
System memory in use after: 62.9 MB.

Unloading 5 unused Assets to reduce memory usage. Loaded Objects now: 1669.
Total: 3.356000 ms (FindLiveObjects: 0.240300 ms CreateObjectMapping: 0.059500 ms MarkObjects: 2.986500 ms  DeleteObjects: 0.065200 ms)

========================================================================
Received Import Request.
  Time since last request: 2261.891381 seconds.
  path: Assets/Sprites/UI_Gabriel/UI_Equipment.fw.png
  artifactKey: Guid(af49c1b181030e6479e34763a15d9203) Importer(815301076,1909f56bfc062723c751e8b465ee728b)
Start importing Assets/Sprites/UI_Gabriel/UI_Equipment.fw.png using Guid(af49c1b181030e6479e34763a15d9203) Importer(815301076,1909f56bfc062723c751e8b465ee728b)  -> (artifact id: '96f7ff777a07aeb1d8667d36bb0cb1d6') in 0.059954 seconds
  Import took 0.064069 seconds .

========================================================================
Received Import Request.
  Time since last request: 0.014274 seconds.
  path: Assets/Sprites/UI_Gabriel/UI_Equipment.fw.png
  artifactKey: Guid(af49c1b181030e6479e34763a15d9203) Importer(815301076,1909f56bfc062723c751e8b465ee728b)
Start importing Assets/Sprites/UI_Gabriel/UI_Equipment.fw.png using Guid(af49c1b181030e6479e34763a15d9203) Importer(815301076,1909f56bfc062723c751e8b465ee728b)  -> (artifact id: '96f7ff777a07aeb1d8667d36bb0cb1d6') in 0.053881 seconds
  Import took 0.058692 seconds .

========================================================================
Received Import Request.
  Time since last request: 1.216701 seconds.
  path: Assets/Sprites/UI_Gabriel/UI_EquipmentPanel.fw.png
  artifactKey: Guid(b0081e22d5318fb4495bff94fae0e188) Importer(815301076,1909f56bfc062723c751e8b465ee728b)
Start importing Assets/Sprites/UI_Gabriel/UI_EquipmentPanel.fw.png using Guid(b0081e22d5318fb4495bff94fae0e188) Importer(815301076,1909f56bfc062723c751e8b465ee728b)  -> (artifact id: 'df6f3400f29f69274453bcbecb95b54c') in 0.050033 seconds
  Import took 0.054190 seconds .

========================================================================
Received Import Request.
  Time since last request: 0.001664 seconds.
  path: Assets/Sprites/UI_Gabriel/UI_EquipmentPanel.fw.png
  artifactKey: Guid(b0081e22d5318fb4495bff94fae0e188) Importer(815301076,1909f56bfc062723c751e8b465ee728b)
Start importing Assets/Sprites/UI_Gabriel/UI_EquipmentPanel.fw.png using Guid(b0081e22d5318fb4495bff94fae0e188) Importer(815301076,1909f56bfc062723c751e8b465ee728b)  -> (artifact id: 'df6f3400f29f69274453bcbecb95b54c') in 0.056308 seconds
  Import took 0.061318 seconds .

========================================================================
Received Import Request.
  Time since last request: 7.924306 seconds.
  path: Assets/Sprites/UI_Gabriel/UI_EquipmentPanel.fw.png
  artifactKey: Guid(b0081e22d5318fb4495bff94fae0e188) Importer(815301076,1909f56bfc062723c751e8b465ee728b)
Start importing Assets/Sprites/UI_Gabriel/UI_EquipmentPanel.fw.png using Guid(b0081e22d5318fb4495bff94fae0e188) Importer(815301076,1909f56bfc062723c751e8b465ee728b)  -> (artifact id: '3bd76db6cfa9dc89215f862c92266d79') in 0.052892 seconds
  Import took 0.058144 seconds .

========================================================================
Received Prepare
Registering precompiled user dll's ...
Registered in 0.001460 seconds.
Begin MonoManager ReloadAssembly
Native extension for WindowsStandalone target not found
Native extension for WebGL target not found
Refreshing native plugins compatible for Editor in 0.36 ms, found 0 plugins.
Preloading 0 native plugins for Editor in 0.00 ms.
Invoked RoslynAnalysisRunner static constructor.
RoslynAnalysisRunner will not be running.
RoslynAnalysisRunner has terminated.
Mono: successfully reloaded assembly
- Completed reload, in  1.150 seconds
Platform modules already initialized, skipping
Refreshing native plugins compatible for Editor in 0.27 ms, found 0 plugins.
Preloading 0 native plugins for Editor in 0.00 ms.
Unloading 1162 Unused Serialized files (Serialized files now loaded: 0)
System memory in use before: 62.8 MB.
System memory in use after: 62.9 MB.

Unloading 5 unused Assets to reduce memory usage. Loaded Objects now: 1676.
Total: 3.209100 ms (FindLiveObjects: 0.344900 ms CreateObjectMapping: 0.101800 ms MarkObjects: 2.699400 ms  DeleteObjects: 0.061300 ms)

========================================================================
Received Prepare
Registering precompiled user dll's ...
Registered in 0.000798 seconds.
Begin MonoManager ReloadAssembly
Native extension for WindowsStandalone target not found
Native extension for WebGL target not found
Refreshing native plugins compatible for Editor in 0.31 ms, found 0 plugins.
Preloading 0 native plugins for Editor in 0.00 ms.
Invoked RoslynAnalysisRunner static constructor.
RoslynAnalysisRunner will not be running.
RoslynAnalysisRunner has terminated.
Mono: successfully reloaded assembly
- Completed reload, in  0.956 seconds
Platform modules already initialized, skipping
Refreshing native plugins compatible for Editor in 0.22 ms, found 0 plugins.
Preloading 0 native plugins for Editor in 0.00 ms.
Unloading 1162 Unused Serialized files (Serialized files now loaded: 0)
System memory in use before: 62.8 MB.
System memory in use after: 62.9 MB.

Unloading 5 unused Assets to reduce memory usage. Loaded Objects now: 1679.
Total: 5.415300 ms (FindLiveObjects: 0.515700 ms CreateObjectMapping: 0.232100 ms MarkObjects: 4.548600 ms  DeleteObjects: 0.115200 ms)

========================================================================
Received Prepare
Registering precompiled user dll's ...
Registered in 0.002267 seconds.
Begin MonoManager ReloadAssembly
Native extension for WindowsStandalone target not found
Native extension for WebGL target not found
Refreshing native plugins compatible for Editor in 0.51 ms, found 0 plugins.
Preloading 0 native plugins for Editor in 0.00 ms.
Invoked RoslynAnalysisRunner static constructor.
RoslynAnalysisRunner will not be running.
RoslynAnalysisRunner has terminated.
Mono: successfully reloaded assembly
- Completed reload, in  2.317 seconds
Platform modules already initialized, skipping
Refreshing native plugins compatible for Editor in 0.26 ms, found 0 plugins.
Preloading 0 native plugins for Editor in 0.00 ms.
Unloading 1162 Unused Serialized files (Serialized files now loaded: 0)
System memory in use before: 62.8 MB.
System memory in use after: 62.9 MB.

Unloading 5 unused Assets to reduce memory usage. Loaded Objects now: 1682.
Total: 3.037400 ms (FindLiveObjects: 0.292900 ms CreateObjectMapping: 0.074000 ms MarkObjects: 2.587300 ms  DeleteObjects: 0.080500 ms)

========================================================================
Received Prepare
Registering precompiled user dll's ...
Registered in 0.000763 seconds.
Begin MonoManager ReloadAssembly
Native extension for WindowsStandalone target not found
Native extension for WebGL target not found
Refreshing native plugins compatible for Editor in 0.26 ms, found 0 plugins.
Preloading 0 native plugins for Editor in 0.00 ms.
Invoked RoslynAnalysisRunner static constructor.
RoslynAnalysisRunner will not be running.
RoslynAnalysisRunner has terminated.
Mono: successfully reloaded assembly
- Completed reload, in  1.140 seconds
Platform modules already initialized, skipping
Refreshing native plugins compatible for Editor in 0.26 ms, found 0 plugins.
Preloading 0 native plugins for Editor in 0.00 ms.
Unloading 1162 Unused Serialized files (Serialized files now loaded: 0)
System memory in use before: 62.8 MB.
System memory in use after: 62.9 MB.

Unloading 5 unused Assets to reduce memory usage. Loaded Objects now: 1685.
Total: 2.877200 ms (FindLiveObjects: 0.346700 ms CreateObjectMapping: 0.111200 ms MarkObjects: 2.301900 ms  DeleteObjects: 0.115700 ms)

========================================================================
Received Prepare
Registering precompiled user dll's ...
Registered in 0.002784 seconds.
Begin MonoManager ReloadAssembly
Native extension for WindowsStandalone target not found
Native extension for WebGL target not found
Refreshing native plugins compatible for Editor in 0.27 ms, found 0 plugins.
Preloading 0 native plugins for Editor in 0.00 ms.
Invoked RoslynAnalysisRunner static constructor.
RoslynAnalysisRunner will not be running.
RoslynAnalysisRunner has terminated.
Mono: successfully reloaded assembly
- Completed reload, in  2.380 seconds
Platform modules already initialized, skipping
Refreshing native plugins compatible for Editor in 0.51 ms, found 0 plugins.
Preloading 0 native plugins for Editor in 0.00 ms.
Unloading 1162 Unused Serialized files (Serialized files now loaded: 0)
System memory in use before: 62.8 MB.
System memory in use after: 62.9 MB.

Unloading 5 unused Assets to reduce memory usage. Loaded Objects now: 1688.
Total: 4.129400 ms (FindLiveObjects: 0.196000 ms CreateObjectMapping: 0.064600 ms MarkObjects: 3.644300 ms  DeleteObjects: 0.221300 ms)

========================================================================
Received Prepare
Registering precompiled user dll's ...
Registered in 0.002411 seconds.
Begin MonoManager ReloadAssembly
Native extension for WindowsStandalone target not found
Native extension for WebGL target not found
Refreshing native plugins compatible for Editor in 0.54 ms, found 0 plugins.
Preloading 0 native plugins for Editor in 0.00 ms.
Invoked RoslynAnalysisRunner static constructor.
RoslynAnalysisRunner will not be running.
RoslynAnalysisRunner has terminated.
Mono: successfully reloaded assembly
- Completed reload, in  2.731 seconds
Platform modules already initialized, skipping
Refreshing native plugins compatible for Editor in 0.23 ms, found 0 plugins.
Preloading 0 native plugins for Editor in 0.00 ms.
Unloading 1162 Unused Serialized files (Serialized files now loaded: 0)
System memory in use before: 62.9 MB.
System memory in use after: 62.9 MB.

Unloading 5 unused Assets to reduce memory usage. Loaded Objects now: 1691.
Total: 3.386700 ms (FindLiveObjects: 0.341000 ms CreateObjectMapping: 0.210000 ms MarkObjects: 2.762400 ms  DeleteObjects: 0.071700 ms)

